<?xml version="1.0" encoding="UTF-8"?>
<!-- Generated by org.testng.reporters.JUnitReportReporter -->
<testsuite hostname="pavanis-Air.home" failures="0" tests="1" name="test.HomePageTest" time="0.035" errors="0" timestamp="2022-12-13T18:41:37 GMT-08:00" skipped="0">
  <testcase classname="test.HomePageTest" name="myMethod" time="0.035"/>
  <system-out/>
</testsuite> <!-- test.HomePageTest -->
