<?xml version="1.0" encoding="UTF-8"?>
<!-- Generated by org.testng.reporters.JUnitReportReporter -->
<testsuite hostname="pavanis-Air.home" failures="0" tests="1" name="test.Testngannotations" time="0.026" errors="0" timestamp="2022-12-13T18:56:45 GMT-08:00" skipped="0">
  <testcase classname="test.Testngannotations" name="myMethod" time="0.026"/>
  <system-out/>
</testsuite> <!-- test.Testngannotations -->
